 INFO 2021-02-28 11:27:53 Main:157 - Была нажата кнопка №1
 INFO 2021-02-28 11:29:25 Main:157 - Была нажата кнопка №1 
 INFO 2021-02-28 11:29:44 Main:157 - Была нажата кнопка №1 
 INFO 2021-02-28 11:48:42 Main:156 - Была нажата кнопка №1 
 INFO 2021-02-28 11:48:44 Main:156 - Была нажата кнопка №1 
 INFO 2021-02-28 11:48:44 Main:156 - Была нажата кнопка №1 
 INFO 2021-02-28 11:48:44 Main:156 - Была нажата кнопка №1 
 INFO 2021-02-28 11:48:44 Main:156 - Была нажата кнопка №1 
 INFO 2021-02-28 11:50:27 Main:156 - Была нажата кнопка №1 
 INFO 2021-02-28 11:50:27 Main:156 - Была нажата кнопка №1 
 INFO 2021-02-28 11:50:27 Main:156 - Была нажата кнопка №1 
 INFO 2021-02-28 11:50:27 Main:156 - Была нажата кнопка №1 
 INFO 2021-02-28 11:50:28 Main:156 - Была нажата кнопка №1 
 INFO 2021-02-28 11:50:28 Main:156 - Была нажата кнопка №1 
 INFO 2021-02-28 11:50:29 Main:191 - Была нажата кнопка №2 
 INFO 2021-02-28 11:50:29 Main:191 - Была нажата кнопка №2 
 INFO 2021-02-28 11:50:29 Main:191 - Была нажата кнопка №2 
 INFO 2021-02-28 11:50:29 Main:191 - Была нажата кнопка №2 
 INFO 2021-02-28 11:55:09 Main:156 - Была нажата кнопка №1 
 INFO 2021-02-28 11:55:29 Main:156 - Была нажата кнопка №1 
 INFO 2021-02-28 11:55:52 Main:156 - Была нажата кнопка №1 
 INFO 2021-02-28 11:56:34 Main:156 - Была нажата кнопка №1 
 INFO 2021-02-28 11:57:22 Main:156 - Была нажата кнопка №1 
 INFO 2021-02-28 11:57:56 Main:156 - Была нажата кнопка №1 
 INFO 2021-02-28 11:58:29 Main:156 - Была нажата кнопка №1 
 INFO 2021-02-28 11:58:48 Main:156 - Была нажата кнопка №1 
 INFO 2021-02-28 12:02:18 Main:157 - Была нажата кнопка №1 
 INFO 2021-02-28 12:07:49 Main:141 - Была нажата кнопка №1 
 INFO 2021-02-28 12:08:13 Main:141 - Была нажата кнопка №1 
 INFO 2021-02-28 12:17:06 Main:152 - Была нажата кнопка №1 
 INFO 2021-02-28 12:17:08 Main:152 - Была нажата кнопка №1 
 INFO 2021-02-28 12:17:19 Main:152 - Была нажата кнопка №1 
 INFO 2021-02-28 12:18:02 Main:141 - Была нажата кнопка №1 
 INFO 2021-02-28 12:18:02 Main:141 - Была нажата кнопка №1 
 INFO 2021-02-28 12:18:02 Main:141 - Была нажата кнопка №1 
 INFO 2021-02-28 12:24:47 Main:163 - Была нажата кнопка №1 
 INFO 2021-02-28 12:25:52 Main:163 - Была нажата кнопка №1 
 WARN 2021-02-28 12:25:52 Main:182 - Попытка ввести в поля не числовые значения 
 INFO 2021-02-28 12:26:43 Main:163 - Была нажата кнопка №1 
 WARN 2021-02-28 12:26:43 Main:183 - Попытка ввести в поля не числовые значения 
 INFO 2021-02-28 12:26:46 Main:163 - Была нажата кнопка №1 
 INFO 2021-02-28 12:26:46 Main:177 - Выполнение первого задания завершилось успехом. 
 INFO 2021-02-28 12:28:43 Main:258 - Была нажата кнопка №4 
 INFO 2021-02-28 12:28:43 Main:269 - Задание №4 завершилось успехом. 
 INFO 2021-02-28 12:28:49 Main:258 - Была нажата кнопка №4 
 INFO 2021-02-28 12:28:49 Main:269 - Задание №4 завершилось успехом. 
 INFO 2021-02-28 12:28:53 Main:258 - Была нажата кнопка №4 
 WARN 2021-02-28 12:28:53 Main:273 - Попытка ввести нецелочисленные значения в задание №3 
 INFO 2021-02-28 12:28:57 Main:258 - Была нажата кнопка №4 
 INFO 2021-02-28 12:28:57 Main:269 - Задание №4 завершилось успехом. 
 INFO 2021-02-28 12:29:04 Main:258 - Была нажата кнопка №4 
 INFO 2021-02-28 12:29:04 Main:269 - Задание №4 завершилось успехом. 
 INFO 2021-02-28 12:30:07 Main:258 - Была нажата кнопка №4 
 INFO 2021-02-28 12:30:07 Main:269 - Задание №4 завершилось успехом. 
 INFO 2021-03-01 10:24:51 Main:163 - Была нажата кнопка №1 
 WARN 2021-03-01 10:24:51 Main:183 - Попытка ввести в поля не числовые значения 
